2025-05-14 21:36:13 0 [Note] Starting MariaDB 10.4.32-MariaDB source revision c4143f909528e3fab0677a28631d10389354c491 as process 5044
2025-05-14 21:36:13 0 [Note] InnoDB: Mutexes and rw_locks use Windows interlocked functions
2025-05-14 21:36:13 0 [Note] InnoDB: Uses event mutexes
2025-05-14 21:36:13 0 [Note] InnoDB: Compressed tables use zlib 1.3
2025-05-14 21:36:13 0 [Note] InnoDB: Number of pools: 1
2025-05-14 21:36:13 0 [Note] InnoDB: Using SSE2 crc32 instructions
2025-05-14 21:36:13 0 [Note] InnoDB: Initializing buffer pool, total size = 128M, instances = 1, chunk size = 128M
2025-05-14 21:36:13 0 [Note] InnoDB: Completed initialization of buffer pool
2025-05-14 21:36:13 0 [Note] InnoDB: Resizing redo log from 2*5242880 to 2*50331648 bytes; LSN=4959262
2025-05-14 21:36:13 0 [Note] InnoDB: Starting to delete and rewrite log files.
2025-05-14 21:36:13 0 [Note] InnoDB: Setting log file .\ib_logfile101 size to 50331648 bytes
2025-05-14 21:36:13 0 [Note] InnoDB: Setting log file .\ib_logfile1 size to 50331648 bytes
2025-05-14 21:36:13 0 [Note] InnoDB: Renaming log file .\ib_logfile101 to .\ib_logfile0
2025-05-14 21:36:13 0 [Note] InnoDB: New log files created, LSN=4959262
2025-05-14 21:36:13 0 [Note] InnoDB: 128 out of 128 rollback segments are active.
2025-05-14 21:36:13 0 [Note] InnoDB: Creating shared tablespace for temporary tables
2025-05-14 21:36:13 0 [Note] InnoDB: Setting file '.\ibtmp1' size to 12 MB. Physically writing the file full; Please wait ...
2025-05-14 21:36:13 0 [Note] InnoDB: File '.\ibtmp1' size is now 12 MB.
2025-05-14 21:36:13 0 [Note] InnoDB: Waiting for purge to start
2025-05-14 21:36:13 0 [Note] InnoDB: 10.4.32 started; log sequence number 4959262; transaction id 2762
2025-05-14 21:36:13 0 [Note] InnoDB: Loading buffer pool(s) from c:\xampp\mysql\data\ib_buffer_pool
2025-05-14 21:36:13 0 [Note] Plugin 'FEEDBACK' is disabled.
2025-05-14 21:36:13 0 [Note] InnoDB: Buffer pool(s) load completed at 250514 21:36:13
2025-05-14 21:36:13 0 [Note] Server socket created on IP: '::'.
2025-05-14 21:36:15 0 [Note] Starting MariaDB 10.4.32-MariaDB source revision c4143f909528e3fab0677a28631d10389354c491 as process 4972
2025-05-14 21:36:15 0 [ERROR] InnoDB: The innodb_system data file 'ibdata1' must be writable
2025-05-14 21:36:15 0 [ERROR] InnoDB: The innodb_system data file 'ibdata1' must be writable
2025-05-14 21:36:15 0 [ERROR] Plugin 'InnoDB' registration as a STORAGE ENGINE failed.
2025-05-14 21:36:15 0 [Note] Plugin 'FEEDBACK' is disabled.
2025-05-14 21:36:15 0 [ERROR] Unknown/unsupported storage engine: InnoDB
2025-05-14 21:36:15 0 [ERROR] Aborting
2025-05-14 21:36:20 0 [Note] Starting MariaDB 10.4.32-MariaDB source revision c4143f909528e3fab0677a28631d10389354c491 as process 8668
2025-05-14 21:36:20 0 [ERROR] InnoDB: The innodb_system data file 'ibdata1' must be writable
2025-05-14 21:36:20 0 [ERROR] InnoDB: The innodb_system data file 'ibdata1' must be writable
2025-05-14 21:36:20 0 [ERROR] Plugin 'InnoDB' registration as a STORAGE ENGINE failed.
2025-05-14 21:36:20 0 [Note] Plugin 'FEEDBACK' is disabled.
2025-05-14 21:36:20 0 [ERROR] Unknown/unsupported storage engine: InnoDB
2025-05-14 21:36:20 0 [ERROR] Aborting
