2025-04-16 19:27:29 0 [Note] Starting MariaDB 10.4.32-MariaDB source revision c4143f909528e3fab0677a28631d10389354c491 as process 10712
2025-04-16 19:27:29 0 [Note] InnoDB: Mutexes and rw_locks use Windows interlocked functions
2025-04-16 19:27:29 0 [Note] InnoDB: Uses event mutexes
2025-04-16 19:27:29 0 [Note] InnoDB: Compressed tables use zlib 1.3
2025-04-16 19:27:29 0 [Note] InnoDB: Number of pools: 1
2025-04-16 19:27:29 0 [Note] InnoDB: Using SSE2 crc32 instructions
2025-04-16 19:27:29 0 [Note] InnoDB: Initializing buffer pool, total size = 16M, instances = 1, chunk size = 16M
2025-04-16 19:27:29 0 [Note] InnoDB: Completed initialization of buffer pool
2025-04-16 19:27:29 0 [Note] InnoDB: Starting crash recovery from checkpoint LSN=300288
2025-04-16 19:27:30 0 [Note] InnoDB: 128 out of 128 rollback segments are active.
2025-04-16 19:27:30 0 [Note] InnoDB: Removed temporary tablespace data file: "ibtmp1"
2025-04-16 19:27:30 0 [Note] InnoDB: Creating shared tablespace for temporary tables
2025-04-16 19:27:30 0 [Note] InnoDB: Setting file 'C:\xampp\mysql\data\ibtmp1' size to 12 MB. Physically writing the file full; Please wait ...
2025-04-16 19:27:30 0 [Note] InnoDB: File 'C:\xampp\mysql\data\ibtmp1' size is now 12 MB.
2025-04-16 19:27:30 0 [Note] InnoDB: Waiting for purge to start
2025-04-16 19:27:30 0 [Note] InnoDB: 10.4.32 started; log sequence number 300297; transaction id 170
2025-04-16 19:27:30 0 [Note] InnoDB: Loading buffer pool(s) from C:\xampp\mysql\data\ib_buffer_pool
2025-04-16 19:27:30 0 [Note] Plugin 'FEEDBACK' is disabled.
2025-04-16 19:27:30 0 [Note] InnoDB: Buffer pool(s) load completed at 250416 19:27:30
2025-04-16 19:27:30 0 [Note] Server socket created on IP: '::'.
2025-04-19 20:39:20 0 [Note] Starting MariaDB 10.4.32-MariaDB source revision c4143f909528e3fab0677a28631d10389354c491 as process 4564
2025-04-19 20:39:20 0 [Note] InnoDB: Mutexes and rw_locks use Windows interlocked functions
2025-04-19 20:39:20 0 [Note] InnoDB: Uses event mutexes
2025-04-19 20:39:20 0 [Note] InnoDB: Compressed tables use zlib 1.3
2025-04-19 20:39:20 0 [Note] InnoDB: Number of pools: 1
2025-04-19 20:39:20 0 [Note] InnoDB: Using SSE2 crc32 instructions
2025-04-19 20:39:20 0 [Note] InnoDB: Initializing buffer pool, total size = 16M, instances = 1, chunk size = 16M
2025-04-19 20:39:20 0 [Note] InnoDB: Completed initialization of buffer pool
2025-04-19 20:39:20 0 [Note] InnoDB: Starting crash recovery from checkpoint LSN=312706
2025-04-19 20:39:21 0 [Note] InnoDB: 128 out of 128 rollback segments are active.
2025-04-19 20:39:21 0 [Note] InnoDB: Removed temporary tablespace data file: "ibtmp1"
2025-04-19 20:39:21 0 [Note] InnoDB: Creating shared tablespace for temporary tables
2025-04-19 20:39:21 0 [Note] InnoDB: Setting file 'C:\xampp\mysql\data\ibtmp1' size to 12 MB. Physically writing the file full; Please wait ...
2025-04-19 20:39:21 0 [Note] InnoDB: File 'C:\xampp\mysql\data\ibtmp1' size is now 12 MB.
2025-04-19 20:39:21 0 [Note] InnoDB: Waiting for purge to start
2025-04-19 20:39:21 0 [Note] InnoDB: 10.4.32 started; log sequence number 312715; transaction id 226
2025-04-19 20:39:21 0 [Note] InnoDB: Loading buffer pool(s) from C:\xampp\mysql\data\ib_buffer_pool
2025-04-19 20:39:21 0 [Note] Plugin 'FEEDBACK' is disabled.
2025-04-19 20:39:21 0 [Note] InnoDB: Buffer pool(s) load completed at 250419 20:39:21
2025-04-19 20:39:21 0 [Note] Server socket created on IP: '::'.
2025-04-20 10:53:43 0 [Note] Starting MariaDB 10.4.32-MariaDB source revision c4143f909528e3fab0677a28631d10389354c491 as process 17292
2025-04-20 10:53:43 0 [Note] InnoDB: Mutexes and rw_locks use Windows interlocked functions
2025-04-20 10:53:43 0 [Note] InnoDB: Uses event mutexes
2025-04-20 10:53:43 0 [Note] InnoDB: Compressed tables use zlib 1.3
2025-04-20 10:53:43 0 [Note] InnoDB: Number of pools: 1
2025-04-20 10:53:43 0 [Note] InnoDB: Using SSE2 crc32 instructions
2025-04-20 10:53:43 0 [Note] InnoDB: Initializing buffer pool, total size = 16M, instances = 1, chunk size = 16M
2025-04-20 10:53:43 0 [Note] InnoDB: Completed initialization of buffer pool
2025-04-20 10:53:43 0 [Note] InnoDB: Starting crash recovery from checkpoint LSN=403679
2025-04-20 10:53:44 0 [Note] InnoDB: 128 out of 128 rollback segments are active.
2025-04-20 10:53:44 0 [Note] InnoDB: Removed temporary tablespace data file: "ibtmp1"
2025-04-20 10:53:44 0 [Note] InnoDB: Creating shared tablespace for temporary tables
2025-04-20 10:53:44 0 [Note] InnoDB: Setting file 'C:\xampp\mysql\data\ibtmp1' size to 12 MB. Physically writing the file full; Please wait ...
2025-04-20 10:53:44 0 [Note] InnoDB: File 'C:\xampp\mysql\data\ibtmp1' size is now 12 MB.
2025-04-20 10:53:44 0 [Note] InnoDB: Waiting for purge to start
2025-04-20 10:53:44 0 [Note] InnoDB: 10.4.32 started; log sequence number 403688; transaction id 409
2025-04-20 10:53:44 0 [Note] InnoDB: Loading buffer pool(s) from C:\xampp\mysql\data\ib_buffer_pool
2025-04-20 10:53:44 0 [Note] Plugin 'FEEDBACK' is disabled.
2025-04-20 10:53:44 0 [Note] Server socket created on IP: '::'.
2025-04-20 10:53:44 0 [Note] InnoDB: Buffer pool(s) load comp2025-04-20 21:20:39 0 [Note] Starting MariaDB 10.4.32-MariaDB source revision c4143f909528e3fab0677a28631d10389354c491 as process 6804
2025-04-20 21:20:39 0 [Note] InnoDB: Mutexes and rw_locks use Windows interlocked functions
2025-04-20 21:20:39 0 [Note] InnoDB: Uses event mutexes
2025-04-20 21:20:39 0 [Note] InnoDB: Compressed tables use zlib 1.3
2025-04-20 21:20:39 0 [Note] InnoDB: Number of pools: 1
2025-04-20 21:20:39 0 [Note] InnoDB: Using SSE2 crc32 instructions
2025-04-20 21:20:39 0 [Note] InnoDB: Initializing buffer pool, total size = 16M, instances = 1, chunk size = 16M
2025-04-20 21:20:39 0 [Note] InnoDB: Completed initialization of buffer pool
2025-04-20 21:20:39 0 [Note] InnoDB: Starting crash recovery from checkpoint LSN=810004
2025-04-20 21:20:39 0 [Note] InnoDB: 128 out of 128 rollback segments are active.
2025-04-20 21:20:39 0 [Note] InnoDB: Removed temporary tablespace data file: "ibtmp1"
2025-04-20 21:20:39 0 [Note] InnoDB: Creating shared tablespace for temporary tables
2025-04-20 21:20:39 0 [Note] InnoDB: Setting file 'C:\xampp\mysql\data\ibtmp1' size to 12 MB. Physically writing the file full; Please wait ...
2025-04-20 21:20:39 0 [Note] InnoDB: File 'C:\xampp\mysql\data\ibtmp1' size is now 12 MB.
2025-04-20 21:20:39 0 [Note] InnoDB: Waiting for purge to start
2025-04-20 21:20:39 0 [Note] InnoDB: 10.4.32 started; log sequence number 810013; transaction id 1387
2025-04-20 21:20:39 0 [Note] InnoDB: Loading buffer pool(s) from C:\xampp\mysql\data\ib_buffer_pool
2025-04-20 21:20:39 0 [Note] Plugin 'FEEDBACK' is disabled.
2025-04-20 21:20:39 0 [Note] InnoDB: Buffer pool(s) load completed at 250420 21:20:39
2025-04-20 21:20:39 0 [Note] Server socket created on IP: '::'.
2025-04-20 21:25:23 0 [Note] Starting MariaDB 10.4.32-MariaDB source revision c4143f909528e3fab0677a28631d10389354c491 as process 10588
2025-04-20 21:25:23 0 [Note] InnoDB: Mutexes and rw_locks use Windows interlocked functions
2025-04-20 21:25:23 0 [Note] InnoDB: Uses event mutexes
2025-04-20 21:25:23 0 [Note] InnoDB: Compressed tables use zlib 1.3
2025-04-20 21:25:23 0 [Note] InnoDB: Number of pools: 1
2025-04-20 21:25:23 0 [Note] InnoDB: Using SSE2 crc32 instructions
2025-04-20 21:25:23 0 [Note] InnoDB: Initializing buffer pool, total size = 16M, instances = 1, chunk size = 16M
2025-04-20 21:25:23 0 [Note] InnoDB: Completed initialization of buffer pool
2025-04-20 21:25:23 0 [Note] InnoDB: Starting crash recovery from checkpoint LSN=810718
2025-04-20 21:25:23 0 [Note] InnoDB: 128 out of 128 rollback segments are active.
2025-04-20 21:25:23 0 [Note] InnoDB: Removed temporary tablespace data file: "ibtmp1"
2025-04-20 21:25:23 0 [Note] InnoDB: Creating shared tablespace for temporary tables
2025-04-20 21:25:23 0 [Note] InnoDB: Setting file 'C:\xampp\mysql\data\ibtmp1' size to 12 MB. Physically writing the file full; Please wait ...
2025-04-20 21:25:23 0 [Note] InnoDB: File 'C:\xampp\mysql\data\ibtmp1' size is now 12 MB.
2025-04-20 21:25:23 0 [Note] InnoDB: Waiting for purge to start
2025-04-20 21:25:23 0 [Note] InnoDB: 10.4.32 started; log sequence number 810727; transaction id 1395
2025-04-20 21:25:23 0 [Note] InnoDB: Loading buffer pool(s) from C:\xampp\mysql\data\ib_buffer_pool
2025-04-20 21:25:23 0 [Note] Plugin 'FEEDBACK' is disabled.
2025-04-20 21:25:23 0 [Note] InnoDB: Buffer pool(s) load completed at 250420 21:25:23
2025-04-20 21:25:23 0 [Note] Server socket created on IP: '::'.
2025-04-20 21:32:51 0 [Note] Starting MariaDB 10.4.32-MariaDB source revision c4143f909528e3fab0677a28631d10389354c491 as process 5516
2025-04-20 21:32:51 0 [Note] InnoDB: Mutexes and rw_locks use Windows interlocked functions
2025-04-20 21:32:51 0 [Note] InnoDB: Uses event mutexes
2025-04-20 21:32:51 0 [Note] InnoDB: Compressed tables use zlib 1.3
2025-04-20 21:32:51 0 [Note] InnoDB: Number of pools: 1
2025-04-20 21:32:51 0 [Note] InnoDB: Using SSE2 crc32 instructions
2025-04-20 21:32:51 0 [Note] InnoDB: Initializing buffer pool, total size = 16M, instances = 1, chunk size = 16M
2025-04-20 21:32:51 0 [Note] InnoDB: Completed initialization of buffer pool
2025-04-20 21:32:51 0 [Note] InnoDB: Starting crash recovery from checkpoint LSN=810736
2025-04-20 21:32:51 0 [Note] InnoDB: 128 out of 128 rollback segments are active.
2025-04-20 21:32:51 0 [Note] InnoDB: Removed temporary tablespace data file: "ibtmp1"
2025-04-20 21:32:51 0 [Note] InnoDB: Creating shared tablespace for temporary tables
2025-04-20 21:32:51 0 [Note] InnoDB: Setting file 'C:\xampp\mysql\data\ibtmp1' size to 12 MB. Physically writing the file full; Please wait ...
2025-04-20 21:32:51 0 [Note] InnoDB: File 'C:\xampp\mysql\data\ibtmp1' size is now 12 MB.
2025-04-20 21:32:51 0 [Note] InnoDB: Waiting for purge to start
2025-04-20 21:32:51 0 [Note] InnoDB: 10.4.32 started; log sequence number 810745; transaction id 1395
2025-04-20 21:32:51 0 [Note] InnoDB: Loading buffer pool(s) from C:\xampp\mysql\data\ib_buffer_pool
2025-04-20 21:32:51 0 [Note] Plugin 'FEEDBACK' is disabled.
2025-04-20 21:32:51 0 [Note] Server socket created on IP: '::'.
2025-04-20 21:36:42 0 [Note] Starting MariaDB 10.4.32-MariaDB source revision c4143f909528e3fab0677a28631d10389354c491 as process 17584
2025-04-20 21:36:42 0 [Note] InnoDB: Mutexes and rw_locks use Windows interlocked functions
2025-04-20 21:36:42 0 [Note] InnoDB: Uses event mutexes
2025-04-20 21:36:42 0 [Note] InnoDB: Compressed tables use zlib 1.3
2025-04-20 21:36:42 0 [Note] InnoDB: Number of pools: 1
2025-04-20 21:36:42 0 [Note] InnoDB: Using SSE2 crc32 instructions
2025-04-20 21:36:42 0 [Note] InnoDB: Initializing buffer pool, total size = 16M, instances = 1, chunk size = 16M
2025-04-20 21:36:42 0 [Note] InnoDB: Completed initialization of buffer pool
2025-04-20 21:36:42 0 [Note] InnoDB: Starting crash recovery from checkpoint LSN=811128
2025-04-20 21:36:43 0 [Note] InnoDB: 128 out of 128 rollback segments are active.
2025-04-20 21:36:43 0 [Note] InnoDB: Removed temporary tablespace data file: "ibtmp1"
2025-04-20 21:36:43 0 [Note] InnoDB: Creating shared tablespace for temporary tables
2025-04-20 21:36:43 0 [Note] InnoDB: Setting file 'C:\xampp\mysql\data\ibtmp1' size to 12 MB. Physically writing the file full; Please wait ...
2025-04-20 21:36:43 0 [Note] InnoDB: File 'C:\xampp\mysql\data\ibtmp1' size is now 12 MB.
2025-04-20 21:36:43 0 [Note] InnoDB: Waiting for purge to start
2025-04-20 21:36:43 0 [Note] InnoDB: 10.4.32 started; log sequence number 811137; transaction id 1401
2025-04-20 21:36:43 0 [Note] InnoDB: Loading buffer pool(s) from C:\xampp\mysql\data\ib_buffer_pool
2025-04-20 21:36:43 0 [Note] Plugin 'FEEDBACK' is disabled.
2025-04-20 21:36:43 0 [Note] InnoDB: Buffer pool(s) load completed at 250420 21:36:43
2025-04-20 21:36:43 0 [Note] Server socket created on IP: '::'.
